yarn run v1.22.22
$ expo start --port 8082
env: load .env
env: export EXPO_TUNNEL_SUBDOMAIN EXPO_PACKAGER_HOSTNAME EXPO_PUBLIC_BACKEND_URL EXPO_USE_FAST_RESOLVER METRO_CACHE_ROOT EXPO_PUBLIC_FIREBASE_API_KEY EXPO_PUBLIC_FIREBASE_AUTH_DOMAIN EXPO_PUBLIC_FIREBASE_PROJECT_ID EXPO_PUBLIC_FIREBASE_STORAGE_BUCKET EXPO_PUBLIC_FIREBASE_MESSAGING_SENDER_ID EXPO_PUBLIC_FIREBASE_APP_ID
Starting project at /Users/sharajrewoo/DemoReposQA/Neural/frontend
Fast resolver is enabled.
Starting Metro Bundler
The following packages should be updated for best compatibility with the installed expo version:
  @shopify/flash-list@2.2.2 - expected version: 2.0.2
  react-native-svg@15.15.3 - expected version: 15.12.1
Your project may not work correctly until you install the expected versions of the packages.
Waiting on http://localhost:8082
Logs for your project will appear below.
Web node_modules/expo-router/entry.js ░░░░░░░░░░░░░░░░  0.0% (0/1)
Web node_modules/expo-router/entry.js ▓▓▓▓▓▓▓▓░░░░░░░░ 50.5% (417/587)
λ node_modules/expo-router/node/render.js ▓▓▓▓▓▓▓▓▓▓░░░░░░ 64.4% (464/578)
Web node_modules/expo-router/entry.js ░░░░░░░░░░░░░░░░  0.0% (0/1)
λ node_modules/expo-router/node/render.js ░░░░░░░░░░░░░░░░  0.0% (0/1)
λ Bundled 6408ms node_modules/expo-router/node/render.js (915 modules)
λ Bundled 3075ms node_modules/expo-router/node/render.js (1 module)
"shadow*" style props are deprecated. Use "boxShadow".
Web node_modules/expo-router/entry.js ▓▓▓▓▓▓▓▓▓▓▓▓▓▓▓░ 95.2% (930/955)
Web node_modules/expo-router/entry.js ░░░░░░░░░░░░░░░░  0.0% (0/1)
"shadow*" style props are deprecated. Use "boxShadow".
Web Bundled 7747ms node_modules/expo-router/entry.js (955 modules)
Error: Premature close
    at onclose (node:internal/streams/end-of-stream:159:30)
    at processTicksAndRejections (node:internal/process/task_queues:77:11)
Web Bundled 4368ms node_modules/expo-router/entry.js (1 module)
Web Bundled 3219ms node_modules/expo-router/entry.js (962 modules)
 LOG  [web] Logs will appear in the browser console
